<?xml version="1.0" encoding="UTF-8"?>
<testng-results ignored="0" total="1" passed="1" failed="0" skipped="0">
  <reporter-output>
  </reporter-output>
  <suite started-at="2025-05-12T09:11:21 GMT-07:00" name="Default suite" finished-at="2025-05-12T09:11:29 GMT-07:00" duration-ms="7820">
    <groups>
    </groups>
    <test started-at="2025-05-12T09:11:21 GMT-07:00" name="Default test" finished-at="2025-05-12T09:11:29 GMT-07:00" duration-ms="7820">
      <class name="FaceBookTest">
        <test-method signature="getLogin()[pri:0, instance:FaceBookTest@cecf639]" started-at="2025-05-12T09:11:21 GMT-07:00" name="getLogin" finished-at="2025-05-12T09:11:29 GMT-07:00" duration-ms="7753" status="PASS">
          <reporter-output>
          </reporter-output>
        </test-method> <!-- getLogin -->
      </class> <!-- FaceBookTest -->
    </test> <!-- Default test -->
  </suite> <!-- Default suite -->
</testng-results>
